INFO: reading../army_gkgs/Army_GKG_by_day_2020-02-14.csv
INFO: reading../army_gkgs/Army_GKG_by_day_2020-02-08.csv
INFO: reading../army_gkgs/Army_GKG_by_day_2020-02-04.csv
INFO: reading../army_gkgs/Army_GKG_by_day_2020-02-16.csv
INFO: reading../army_gkgs/Army_GKG_by_day_2020-02-05.csv
INFO: reading../army_gkgs/Army_GKG_by_day_2020-02-12.csv
INFO: reading../army_gkgs/Army_GKG_by_day_2020-02-13.csv
INFO: reading../army_gkgs/Army_GKG_by_day_2020-02-07.csv
INFO: reading../army_gkgs/Army_GKG_by_day_2020-02-15.csv
INFO: reading../army_gkgs/Army_GKG_by_day_2020-02-06.csv
INFO: reading../army_gkgs/Army_GKG_by_day_2020-02-09.csv
INFO: reading../army_gkgs/Army_GKG_by_day_2020-02-11.csv
INFO: reading../army_gkgs/Army_GKG_by_day_2020-02-01.csv
INFO: reading../army_gkgs/Army_GKG_by_day_2020-02-10.csv
INFO: reading../army_gkgs/Army_GKG_by_day_2020-02-02.csv
INFO: reading../army_gkgs/Army_GKG_by_day_2020-02-03.csv
INFO: consolidated df shape: (5464, 27)
INFO: reading../army_gkgs/Army_GKG_by_day_2020-02-14.csv
INFO: reading../army_gkgs/Army_GKG_by_day_2020-02-08.csv
INFO: reading../army_gkgs/Army_GKG_by_day_2020-02-04.csv
INFO: reading../army_gkgs/Army_GKG_by_day_2020-02-16.csv
INFO: reading../army_gkgs/Army_GKG_by_day_2020-02-05.csv
INFO: reading../army_gkgs/Army_GKG_by_day_2020-02-12.csv
INFO: reading../army_gkgs/Army_GKG_by_day_2020-02-13.csv
INFO: reading../army_gkgs/Army_GKG_by_day_2020-02-07.csv
INFO: reading../army_gkgs/Army_GKG_by_day_2020-02-15.csv
INFO: reading../army_gkgs/Army_GKG_by_day_2020-02-06.csv
INFO: reading../army_gkgs/Army_GKG_by_day_2020-02-09.csv
INFO: reading../army_gkgs/Army_GKG_by_day_2020-02-11.csv
INFO: reading../army_gkgs/Army_GKG_by_day_2020-02-01.csv
INFO: reading../army_gkgs/Army_GKG_by_day_2020-02-10.csv
INFO: reading../army_gkgs/Army_GKG_by_day_2020-02-02.csv
INFO: reading../army_gkgs/Army_GKG_by_day_2020-02-03.csv
INFO: consolidated df shape: (5464, 27)
INFO: writing ../army_gkgs/GCAM_Histogram.csv
INFO: reading../army_gkgs/Army_GKG_by_day_2020-02-14.csv
INFO: reading../army_gkgs/Army_GKG_by_day_2020-02-08.csv
INFO: reading../army_gkgs/Army_GKG_by_day_2020-02-04.csv
INFO: reading../army_gkgs/Army_GKG_by_day_2020-02-16.csv
INFO: reading../army_gkgs/Army_GKG_by_day_2020-02-05.csv
INFO: reading../army_gkgs/Army_GKG_by_day_2020-02-12.csv
INFO: reading../army_gkgs/Army_GKG_by_day_2020-02-13.csv
INFO: reading../army_gkgs/Army_GKG_by_day_2020-02-07.csv
INFO: reading../army_gkgs/Army_GKG_by_day_2020-02-15.csv
INFO: reading../army_gkgs/Army_GKG_by_day_2020-02-06.csv
INFO: reading../army_gkgs/Army_GKG_by_day_2020-02-09.csv
INFO: reading../army_gkgs/Army_GKG_by_day_2020-02-11.csv
INFO: reading../army_gkgs/Army_GKG_by_day_2020-02-01.csv
INFO: reading../army_gkgs/Army_GKG_by_day_2020-02-10.csv
INFO: reading../army_gkgs/Army_GKG_by_day_2020-02-02.csv
INFO: reading../army_gkgs/Army_GKG_by_day_2020-02-03.csv
INFO: consolidated df shape: (5464, 27)
INFO: reading../army_gkgs/Army_GKG_by_day_2020-02-14.csv
INFO: reading../army_gkgs/Army_GKG_by_day_2020-02-08.csv
INFO: reading../army_gkgs/Army_GKG_by_day_2020-02-04.csv
INFO: reading../army_gkgs/Army_GKG_by_day_2020-02-16.csv
INFO: reading../army_gkgs/Army_GKG_by_day_2020-02-05.csv
INFO: reading../army_gkgs/Army_GKG_by_day_2020-02-12.csv
INFO: reading../army_gkgs/Army_GKG_by_day_2020-02-13.csv
INFO: reading../army_gkgs/Army_GKG_by_day_2020-02-07.csv
INFO: reading../army_gkgs/Army_GKG_by_day_2020-02-15.csv
INFO: reading../army_gkgs/Army_GKG_by_day_2020-02-06.csv
INFO: reading../army_gkgs/Army_GKG_by_day_2020-02-09.csv
INFO: reading../army_gkgs/Army_GKG_by_day_2020-02-11.csv
INFO: reading../army_gkgs/Army_GKG_by_day_2020-02-01.csv
INFO: reading../army_gkgs/Army_GKG_by_day_2020-02-10.csv
INFO: reading../army_gkgs/Army_GKG_by_day_2020-02-02.csv
INFO: reading../army_gkgs/Army_GKG_by_day_2020-02-03.csv
INFO: consolidated df shape: (5464, 27)
INFO: writing ../army_gkgs/GCAM_Histogram.csv
INFO: reading../army_gkgs/Army_GKG_by_day_2020-02-14.csv
INFO: reading../army_gkgs/Army_GKG_by_day_2020-02-08.csv
INFO: reading../army_gkgs/Army_GKG_by_day_2020-02-04.csv
INFO: reading../army_gkgs/Army_GKG_by_day_2020-02-16.csv
INFO: reading../army_gkgs/Army_GKG_by_day_2020-02-05.csv
INFO: reading../army_gkgs/Army_GKG_by_day_2020-02-12.csv
INFO: reading../army_gkgs/Army_GKG_by_day_2020-02-13.csv
INFO: reading../army_gkgs/Army_GKG_by_day_2020-02-07.csv
INFO: reading../army_gkgs/Army_GKG_by_day_2020-02-15.csv
INFO: reading../army_gkgs/Army_GKG_by_day_2020-02-06.csv
INFO: reading../army_gkgs/Army_GKG_by_day_2020-02-09.csv
INFO: reading../army_gkgs/Army_GKG_by_day_2020-02-11.csv
INFO: reading../army_gkgs/Army_GKG_by_day_2020-02-01.csv
INFO: reading../army_gkgs/Army_GKG_by_day_2020-02-10.csv
INFO: reading../army_gkgs/Army_GKG_by_day_2020-02-02.csv
INFO: reading../army_gkgs/Army_GKG_by_day_2020-02-03.csv
INFO: consolidated df shape: (5464, 27)
INFO: reading../army_gkgs/Army_GKG_by_day_2020-02-14.csv
INFO: reading../army_gkgs/Army_GKG_by_day_2020-02-08.csv
INFO: reading../army_gkgs/Army_GKG_by_day_2020-02-04.csv
INFO: reading../army_gkgs/Army_GKG_by_day_2020-02-16.csv
INFO: reading../army_gkgs/Army_GKG_by_day_2020-02-05.csv
INFO: reading../army_gkgs/Army_GKG_by_day_2020-02-12.csv
INFO: reading../army_gkgs/Army_GKG_by_day_2020-02-13.csv
INFO: reading../army_gkgs/Army_GKG_by_day_2020-02-07.csv
INFO: reading../army_gkgs/Army_GKG_by_day_2020-02-15.csv
INFO: reading../army_gkgs/Army_GKG_by_day_2020-02-06.csv
INFO: reading../army_gkgs/Army_GKG_by_day_2020-02-09.csv
INFO: reading../army_gkgs/Army_GKG_by_day_2020-02-11.csv
INFO: reading../army_gkgs/Army_GKG_by_day_2020-02-01.csv
INFO: reading../army_gkgs/Army_GKG_by_day_2020-02-10.csv
INFO: reading../army_gkgs/Army_GKG_by_day_2020-02-02.csv
INFO: reading../army_gkgs/Army_GKG_by_day_2020-02-03.csv
INFO: consolidated df shape: (5464, 27)
INFO: reading../army_gkgs/Army_GKG_by_day_2020-02-14.csv
INFO: reading../army_gkgs/Army_GKG_by_day_2020-02-08.csv
INFO: reading../army_gkgs/Army_GKG_by_day_2020-02-04.csv
INFO: reading../army_gkgs/Army_GKG_by_day_2020-02-16.csv
INFO: reading../army_gkgs/Army_GKG_by_day_2020-02-05.csv
INFO: reading../army_gkgs/Army_GKG_by_day_2020-02-12.csv
INFO: reading../army_gkgs/Army_GKG_by_day_2020-02-13.csv
INFO: reading../army_gkgs/Army_GKG_by_day_2020-02-07.csv
INFO: reading../army_gkgs/Army_GKG_by_day_2020-02-15.csv
INFO: reading../army_gkgs/Army_GKG_by_day_2020-02-06.csv
INFO: reading../army_gkgs/Army_GKG_by_day_2020-02-09.csv
INFO: reading../army_gkgs/Army_GKG_by_day_2020-02-11.csv
INFO: reading../army_gkgs/Army_GKG_by_day_2020-02-01.csv
INFO: reading../army_gkgs/Army_GKG_by_day_2020-02-10.csv
INFO: reading../army_gkgs/Army_GKG_by_day_2020-02-02.csv
INFO: reading../army_gkgs/Army_GKG_by_day_2020-02-03.csv
INFO: consolidated df shape: (5464, 27)
INFO: reading../army_gkgs/Army_GKG_by_day_2020-02-14.csv
INFO: reading../army_gkgs/Army_GKG_by_day_2020-02-08.csv
INFO: reading../army_gkgs/Army_GKG_by_day_2020-02-04.csv
INFO: reading../army_gkgs/Army_GKG_by_day_2020-02-16.csv
INFO: reading../army_gkgs/Army_GKG_by_day_2020-02-05.csv
INFO: reading../army_gkgs/Army_GKG_by_day_2020-02-12.csv
INFO: reading../army_gkgs/Army_GKG_by_day_2020-02-13.csv
INFO: reading../army_gkgs/Army_GKG_by_day_2020-02-07.csv
INFO: reading../army_gkgs/Army_GKG_by_day_2020-02-15.csv
INFO: reading../army_gkgs/Army_GKG_by_day_2020-02-06.csv
INFO: reading../army_gkgs/Army_GKG_by_day_2020-02-09.csv
INFO: reading../army_gkgs/Army_GKG_by_day_2020-02-11.csv
INFO: reading../army_gkgs/Army_GKG_by_day_2020-02-01.csv
INFO: reading../army_gkgs/Army_GKG_by_day_2020-02-10.csv
INFO: reading../army_gkgs/Army_GKG_by_day_2020-02-02.csv
INFO: reading../army_gkgs/Army_GKG_by_day_2020-02-03.csv
INFO: consolidated df shape: (5464, 27)
INFO: reading../army_gkgs/Army_GKG_by_day_2020-02-14.csv
INFO: reading../army_gkgs/Army_GKG_by_day_2020-02-08.csv
INFO: reading../army_gkgs/Army_GKG_by_day_2020-02-04.csv
INFO: reading../army_gkgs/Army_GKG_by_day_2020-02-16.csv
INFO: reading../army_gkgs/Army_GKG_by_day_2020-02-05.csv
INFO: reading../army_gkgs/Army_GKG_by_day_2020-02-12.csv
INFO: reading../army_gkgs/Army_GKG_by_day_2020-02-13.csv
INFO: reading../army_gkgs/Army_GKG_by_day_2020-02-07.csv
INFO: reading../army_gkgs/Army_GKG_by_day_2020-02-15.csv
INFO: reading../army_gkgs/Army_GKG_by_day_2020-02-06.csv
INFO: reading../army_gkgs/Army_GKG_by_day_2020-02-09.csv
INFO: reading../army_gkgs/Army_GKG_by_day_2020-02-11.csv
INFO: reading../army_gkgs/Army_GKG_by_day_2020-02-01.csv
INFO: reading../army_gkgs/Army_GKG_by_day_2020-02-10.csv
INFO: reading../army_gkgs/Army_GKG_by_day_2020-02-02.csv
INFO: reading../army_gkgs/Army_GKG_by_day_2020-02-03.csv
INFO: consolidated df shape: (5464, 27)
INFO: building GCAM dictionary
INFO: building histogram
INFO: adding dimension labels
INFO: building dataframe
INFO: writing ../army_gkgs/GCAM_Histogram.csv
INFO: reading../army_gkgs/Army_GKG_by_day_2020-02-14.csv
INFO: reading../army_gkgs/Army_GKG_by_day_2020-02-08.csv
INFO: reading../army_gkgs/Army_GKG_by_day_2020-02-04.csv
INFO: reading../army_gkgs/Army_GKG_by_day_2020-02-16.csv
INFO: reading../army_gkgs/Army_GKG_by_day_2020-02-05.csv
INFO: reading../army_gkgs/Army_GKG_by_day_2020-02-12.csv
INFO: reading../army_gkgs/Army_GKG_by_day_2020-02-13.csv
INFO: reading../army_gkgs/Army_GKG_by_day_2020-02-07.csv
INFO: reading../army_gkgs/Army_GKG_by_day_2020-02-15.csv
INFO: reading../army_gkgs/Army_GKG_by_day_2020-02-06.csv
INFO: reading../army_gkgs/Army_GKG_by_day_2020-02-09.csv
INFO: reading../army_gkgs/Army_GKG_by_day_2020-02-11.csv
INFO: reading../army_gkgs/Army_GKG_by_day_2020-02-01.csv
INFO: reading../army_gkgs/Army_GKG_by_day_2020-02-10.csv
INFO: reading../army_gkgs/Army_GKG_by_day_2020-02-02.csv
INFO: reading../army_gkgs/Army_GKG_by_day_2020-02-03.csv
INFO: consolidated df shape: (5464, 27)
INFO: building GCAM dictionary
INFO: building histogram
INFO: reading../army_gkgs/Army_GKG_by_day_2020-02-14.csv
INFO: reading../army_gkgs/Army_GKG_by_day_2020-02-08.csv
INFO: reading../army_gkgs/Army_GKG_by_day_2020-02-04.csv
INFO: reading../army_gkgs/Army_GKG_by_day_2020-02-16.csv
INFO: reading../army_gkgs/Army_GKG_by_day_2020-02-05.csv
INFO: reading../army_gkgs/Army_GKG_by_day_2020-02-12.csv
INFO: reading../army_gkgs/Army_GKG_by_day_2020-02-13.csv
INFO: reading../army_gkgs/Army_GKG_by_day_2020-02-07.csv
INFO: reading../army_gkgs/Army_GKG_by_day_2020-02-15.csv
INFO: reading../army_gkgs/Army_GKG_by_day_2020-02-06.csv
INFO: reading../army_gkgs/Army_GKG_by_day_2020-02-09.csv
INFO: reading../army_gkgs/Army_GKG_by_day_2020-02-11.csv
INFO: reading../army_gkgs/Army_GKG_by_day_2020-02-01.csv
INFO: reading../army_gkgs/Army_GKG_by_day_2020-02-10.csv
INFO: reading../army_gkgs/Army_GKG_by_day_2020-02-02.csv
INFO: reading../army_gkgs/Army_GKG_by_day_2020-02-03.csv
INFO: consolidated df shape: (5464, 27)
INFO: building GCAM dictionary
INFO: building histogram
INFO: adding dimension labels
INFO: building dataframe
INFO: writing ../army_gkgs/GCAM_Values_Histogram.csv
INFO: writing html
INFO: writing html
INFO: writing html
INFO: writing html
INFO: writing html
INFO: writing html
INFO: writing html
INFO: writing html
INFO: writing html
INFO: writing html
INFO: writing html
INFO: writing html
INFO: writing html
INFO: writing html
INFO: writing html
INFO: writing html
INFO: writing html
INFO: writing html
INFO: writing html
INFO: writing html
INFO: writing html
